<?xml version="1.0" encoding="UTF-8"?>
<!-- Generated by org.testng.reporters.JUnitReportReporter -->
<testsuite hostname="JSP-LAPTOP" failures="0" tests="1" name="JenkinsTest.WithSelenium.Day1" time="6.204" errors="0" timestamp="2025-01-27T11:21:22 IST" skipped="0">
  <testcase classname="JenkinsTest.WithSelenium.Day1" name="testit" time="6.204"/>
</testsuite> <!-- JenkinsTest.WithSelenium.Day1 -->
