<?xml version="1.0" encoding="UTF-8"?>
<!-- Generated by org.testng.reporters.JUnitReportReporter -->
<testsuite hostname="JSP-LAPTOP" failures="0" tests="1" name="JenkinsTest.WithSelenium.Day1" time="4.416" errors="0" timestamp="2025-01-28T12:25:26 IST" skipped="0">
  <testcase classname="JenkinsTest.WithSelenium.Day1" name="testit" time="4.416"/>
</testsuite> <!-- JenkinsTest.WithSelenium.Day1 -->
